<?xml version="1.0" encoding="UTF-8"?>
<!-- Generated by org.testng.reporters.JUnitXMLReporter -->
<testsuite hostname="Sunny" ignored="0" name="Default test" tests="5" failures="0" timestamp="03 Jul 2018 17:14:19 GMT" time="385.359" errors="0">
  <testcase name="testvalidLoginLogout" time="38.532" classname="com.actitime.tests.ValidLoginLogoutTest"/>
  <testcase name="testVerifyBuild" time="33.419" classname="com.actitime.tests.VerifyBuildNumberTest"/>
  <testcase name="testOpenCompletedTaskTest" time="40.785" classname="com.actitime.tests.OpenCompletedTask"/>
  <testcase name="testVerifyVersion" time="4.032" classname="com.actitime.tests.VerifyActitimeVersionTest"/>
  <testcase name="testInvalidLogin" time="61.766" classname="com.actitime.tests.InvalidLoginTest"/>
</testsuite> <!-- Default test -->
