<?xml version="1.0" encoding="UTF-8"?>
<!-- Generated by org.testng.reporters.JUnitXMLReporter -->
<testsuite hostname="Sunny" ignored="0" name="Test" tests="5" failures="0" timestamp="27 Apr 2018 17:41:10 GMT" time="325.684" errors="0">
  <testcase name="@BeforeMethod preCondition" time="22.759" classname="com.actitime.generics.BaseTest">
    <failure type="org.openqa.selenium.WebDriverException" message="cannot forward the request Network is unreachable: connect
Command duration or timeout: 0 milliseconds
Build info: version: &amp;apos;3.11.0&amp;apos;, revision: &amp;apos;e59cfb3&amp;apos;, time: &amp;apos;2018-03-11T20:33:15.31Z&amp;apos;
System info: host: &amp;apos;SUNNY&amp;apos;, ip: &amp;apos;192.168.1.100&amp;apos;, os.name: &amp;apos;Windows 8.1&amp;apos;, os.arch: &amp;apos;amd64&amp;apos;, os.version: &amp;apos;6.3&amp;apos;, java.version: &amp;apos;1.8.0_144&amp;apos;
Driver info: org.openqa.selenium.remote.RemoteWebDriver
Capabilities {acceptInsecureCerts: false, acceptSslCerts: false, applicationCacheEnabled: false, browserConnectionEnabled: false, browserName: chrome, chrome: {chromedriverVersion: 2.36.540470 (e522d04694c7eb..., userDataDir: C:\Users\SUNNYS~1\AppData\L...}, cssSelectorsEnabled: true, databaseEnabled: false, handlesAlerts: true, hasTouchScreen: false, javascriptEnabled: true, locationContextEnabled: true, mobileEmulationEnabled: false, nativeEvents: true, networkConnectionEnabled: false, pageLoadStrategy: normal, platform: XP, platformName: XP, rotatable: false, setWindowRect: true, takesHeapSnapshot: true, takesScreenshot: true, unexpectedAlertBehaviour: , unhandledPromptBehavior: , version: 65.0.3325.181, webStorageEnabled: true, webdriver.remote.sessionid: 7433e6341d2a471172d800b5817...}
Session ID: 7433e6341d2a471172d800b5817151af">
      <![CDATA[org.openqa.selenium.WebDriverException: cannot forward the request Network is unreachable: connect
Command duration or timeout: 0 milliseconds
Build info: version: '3.11.0', revision: 'e59cfb3', time: '2018-03-11T20:33:15.31Z'
System info: host: 'SUNNY', ip: '192.168.1.100', os.name: 'Windows 8.1', os.arch: 'amd64', os.version: '6.3', java.version: '1.8.0_144'
Driver info: org.openqa.selenium.remote.RemoteWebDriver
Capabilities {acceptInsecureCerts: false, acceptSslCerts: false, applicationCacheEnabled: false, browserConnectionEnabled: false, browserName: chrome, chrome: {chromedriverVersion: 2.36.540470 (e522d04694c7eb..., userDataDir: C:\Users\SUNNYS~1\AppData\L...}, cssSelectorsEnabled: true, databaseEnabled: false, handlesAlerts: true, hasTouchScreen: false, javascriptEnabled: true, locationContextEnabled: true, mobileEmulationEnabled: false, nativeEvents: true, networkConnectionEnabled: false, pageLoadStrategy: normal, platform: XP, platformName: XP, rotatable: false, setWindowRect: true, takesHeapSnapshot: true, takesScreenshot: true, unexpectedAlertBehaviour: , unhandledPromptBehavior: , version: 65.0.3325.181, webStorageEnabled: true, webdriver.remote.sessionid: 7433e6341d2a471172d800b5817...}
Session ID: 7433e6341d2a471172d800b5817151af
at org.openqa.selenium.remote.ErrorHandler.createThrowable(ErrorHandler.java:214)
at org.openqa.selenium.remote.ErrorHandler.throwIfResponseFailed(ErrorHandler.java:166)
at org.openqa.selenium.remote.http.JsonHttpResponseCodec.reconstructValue(JsonHttpResponseCodec.java:40)
at org.openqa.selenium.remote.http.AbstractHttpResponseCodec.decode(AbstractHttpResponseCodec.java:80)
at org.openqa.selenium.remote.http.AbstractHttpResponseCodec.decode(AbstractHttpResponseCodec.java:44)
at org.openqa.selenium.remote.HttpCommandExecutor.execute(HttpCommandExecutor.java:158)
at org.openqa.selenium.remote.RemoteWebDriver.execute(RemoteWebDriver.java:545)
at org.openqa.selenium.remote.RemoteWebDriver.get(RemoteWebDriver.java:273)
at com.actitime.generics.BaseTest.preCondition(BaseTest.java:36)
Caused by: org.openqa.grid.common.exception.GridException: cannot forward the request Network is unreachable: connect
at org.openqa.grid.web.servlet.handler.RequestHandler.process(RequestHandler.java:143)
at org.openqa.grid.web.servlet.DriverServlet.process(DriverServlet.java:86)
at org.openqa.grid.web.servlet.DriverServlet.doPost(DriverServlet.java:70)
at javax.servlet.http.HttpServlet.service(HttpServlet.java:707)
at javax.servlet.http.HttpServlet.service(HttpServlet.java:790)
at org.seleniumhq.jetty9.servlet.ServletHolder.handle(ServletHolder.java:860)
at org.seleniumhq.jetty9.servlet.ServletHandler.doHandle(ServletHandler.java:535)
at org.seleniumhq.jetty9.server.handler.ScopedHandler.nextHandle(ScopedHandler.java:188)
at org.seleniumhq.jetty9.server.session.SessionHandler.doHandle(SessionHandler.java:1595)
at org.seleniumhq.jetty9.server.handler.ScopedHandler.nextHandle(ScopedHandler.java:188)
at org.seleniumhq.jetty9.server.handler.ContextHandler.doHandle(ContextHandler.java:1253)
at org.seleniumhq.jetty9.server.handler.ScopedHandler.nextScope(ScopedHandler.java:168)
at org.seleniumhq.jetty9.servlet.ServletHandler.doScope(ServletHandler.java:473)
at org.seleniumhq.jetty9.server.session.SessionHandler.doScope(SessionHandler.java:1564)
at org.seleniumhq.jetty9.server.handler.ScopedHandler.nextScope(ScopedHandler.java:166)
at org.seleniumhq.jetty9.server.handler.ContextHandler.doScope(ContextHandler.java:1155)
at org.seleniumhq.jetty9.server.handler.ScopedHandler.handle(ScopedHandler.java:141)
at org.seleniumhq.jetty9.server.handler.HandlerWrapper.handle(HandlerWrapper.java:132)
at org.seleniumhq.jetty9.server.Server.handle(Server.java:530)
at org.seleniumhq.jetty9.server.HttpChannel.handle(HttpChannel.java:347)
at org.seleniumhq.jetty9.server.HttpConnection.onFillable(HttpConnection.java:256)
at org.seleniumhq.jetty9.io.AbstractConnection$ReadCallback.succeeded(AbstractConnection.java:279)
at org.seleniumhq.jetty9.io.FillInterest.fillable(FillInterest.java:102)
at org.seleniumhq.jetty9.io.ChannelEndPoint$2.run(ChannelEndPoint.java:124)
at org.seleniumhq.jetty9.util.thread.strategy.EatWhatYouKill.doProduce(EatWhatYouKill.java:247)
at org.seleniumhq.jetty9.util.thread.strategy.EatWhatYouKill.produce(EatWhatYouKill.java:140)
at org.seleniumhq.jetty9.util.thread.strategy.EatWhatYouKill.run(EatWhatYouKill.java:131)
at org.seleniumhq.jetty9.util.thread.ReservedThreadExecutor$ReservedThread.run(ReservedThreadExecutor.java:382)
at org.seleniumhq.jetty9.util.thread.QueuedThreadPool.runJob(QueuedThreadPool.java:708)
at org.seleniumhq.jetty9.util.thread.QueuedThreadPool$2.run(QueuedThreadPool.java:626)
at java.lang.Thread.run(Thread.java:748)
... Removed 32 stack frames]]>
    </failure>
  </testcase> <!-- @BeforeMethod preCondition -->
  <testcase name="@AfterMethod postCondition" time="0.0" classname="com.actitime.generics.BaseTest">
    <skipped/>
  </testcase> <!-- @AfterMethod postCondition -->
  <testcase name="@BeforeMethod preCondition" time="0.0" classname="com.actitime.generics.BaseTest">
    <skipped/>
  </testcase> <!-- @BeforeMethod preCondition -->
  <testcase name="@AfterMethod postCondition" time="0.0" classname="com.actitime.generics.BaseTest">
    <skipped/>
  </testcase> <!-- @AfterMethod postCondition -->
  <testcase name="testInvalidLogin" time="37.965" classname="com.actitime.tests.InvalidLoginTest"/>
  <testcase name="testOpenCompletedTaskTest" time="62.04" classname="com.actitime.tests.OpenCompletedTask"/>
  <testcase name="testvalidLoginLogout" time="31.13" classname="com.actitime.tests.ValidLoginLogoutTest"/>
  <testcase name="testVerifyVersion" time="0.0" classname="com.actitime.tests.VerifyActitimeVersionTest">
    <skipped/>
  </testcase> <!-- testVerifyVersion -->
  <testcase name="testVerifyBuild" time="0.0" classname="com.actitime.tests.VerifyBuildNumberTest">
    <skipped/>
  </testcase> <!-- testVerifyBuild -->
</testsuite> <!-- Test -->
