<?xml version="1.0" encoding="UTF-8"?>
<!-- Generated by org.testng.reporters.JUnitXMLReporter -->
<testsuite hostname="Sunny" ignored="0" name="Default test(failed)(failed)" tests="1" failures="1" timestamp="02 May 2018 15:07:41 GMT" time="261.059" errors="0">
  <testcase name="testvalidLoginLogout" time="74.973" classname="com.actitime.tests.ValidLoginLogoutTest">
    <failure type="java.lang.AssertionError" message="null">
      <![CDATA[java.lang.AssertionError: null
at com.actitime.generics.Basepage.verifyTitle(Basepage.java:42)
at com.actitime.pages.LoginPage.verifyTheTitle(LoginPage.java:51)
at com.actitime.tests.ValidLoginLogoutTest.testvalidLoginLogout(ValidLoginLogoutTest.java:43)
... Removed 27 stack frames]]>
    </failure>
  </testcase> <!-- testvalidLoginLogout -->
</testsuite> <!-- Default test(failed)(failed) -->
