<?xml version="1.0" encoding="UTF-8"?>
<!-- Generated by org.testng.reporters.JUnitXMLReporter -->
<testsuite hostname="Sunny" ignored="0" name="Test(failed)" tests="1" failures="0" timestamp="17 Apr 2018 08:45:18 GMT" time="0.051" errors="0">
  <testcase name="@BeforeMethod preCondition" time="0.0" classname="com.actitime.generics.BaseTest">
    <failure type="org.testng.TestNGException" message="
Parameter &amp;apos;nodeurl&amp;apos; is required by BeforeMethod on method preCondition but has not been marked @Optional or defined
in E:\Sunny_javapractise\Actitime\Actitime2\test-output\testng-failed.xml">
      <![CDATA[org.testng.TestNGException: 
Parameter 'nodeurl' is required by BeforeMethod on method preCondition but has not been marked @Optional or defined
in E:\Sunny_javapractise\Actitime\Actitime2\test-output\testng-failed.xml
... Removed 25 stack frames]]>
    </failure>
  </testcase> <!-- @BeforeMethod preCondition -->
  <testcase name="@AfterMethod postCondition" time="0.0" classname="com.actitime.generics.BaseTest">
    <skipped/>
  </testcase> <!-- @AfterMethod postCondition -->
  <testcase name="testVerifyBuild" time="0.0" classname="com.actitime.tests.VerifyBuildNumberTest">
    <skipped/>
  </testcase> <!-- testVerifyBuild -->
</testsuite> <!-- Test(failed) -->
